2020-02-26T14:09:33.852Z | error | general error sent from app.js - Not Found
2020-02-26T15:46:10.122Z | error | general error sent from app.js - Parse error on line 5:
... header }}  {{> /stats/subheader }}
---------------------^
Expecting 'OPEN_SEXPR', 'ID', 'STRING', 'NUMBER', 'BOOLEAN', 'UNDEFINED', 'NULL', 'DATA', got 'SEP'
2020-02-26T16:59:26.683Z | error | general error sent from app.js - Not Found
2020-02-27T16:18:43.776Z | error | general error sent from app.js - Not Found
2020-02-27T21:28:12.395Z | info | The following data was written to the database {"EventID":"28g58e84-2c8b-41ea-g4a8-5801aqsa128d","CreatedAt":"6/15/2016, 4:28:15 PM","CheckinId":"a7d5ad2b-q512-4f4b-8zd1-6n14de03q2k2","CheckinDateTime":"6/15/2016, 4:28:15 PM","Reference":"Example checkin reference","CheckinImageUrl":"http://some_image_url","UserName":"Joshua Hooper","UserEmail":"demo@example.com","Street":"16601 N Pima Rd","City":"Eagleton","State":"GA","PostalCode":"85260","Country":"US","Latitude":33.6430563,"Longitude":-111.8739084}
2020-02-27T21:28:12.398Z | info | The following data was written to the database {"EventID":"72j59924-5c6u-26ab-pu45-2207eqtd1a5b","CreatedAt":"6/15/2016, 9:29:30 AM","ReviewSummary":"Example Review Summary","ReviewDetail":"Example Review Detail","ReviewRating":5,"RequestDate":"6/15/2016, 9:29:30 AM","ResponseDate":"6/15/2016, 9:29:30 AM","CustomerName":"John Q Sample","CustomerEmail":"john@example.com","CustomerPhone":"5555555555","CheckinId":"a7d5ad8b-d512-4f4b-8dd1-6114de03e212","CheckinDateTime":"1/1/1970, 2:00:00 AM","Reference":"Example checkin reference","CheckinImageUrl":"http://some_image_url","UserName":"Tom Petty","UserEmail":"demo@example.com","Street":"8444 Campbellton Street","City":"Scranton","State":"GA","PostalCode":"85260","Country":"US","Latitude":33.6430563,"Longitude":-111.8739084}
2020-02-27T21:28:12.399Z | info | The following data was written to the database {"EventID":"72j59924-5c6u-26ab-uu45-2207eqtd1a5b","CreatedAt":"6/15/2016, 9:29:30 AM","ReviewSummary":"Example Review Summary","ReviewDetail":"Example Review Detail","ReviewRating":5,"RequestDate":"6/15/2016, 9:29:30 AM","ResponseDate":"6/15/2016, 9:29:30 AM","CustomerName":"John Q Sample","CustomerEmail":"john@example.com","CustomerPhone":"5555555555","CheckinId":"a7d5ad8b-d512-4f4b-8dd1-6114de03e212","CheckinDateTime":"1/1/1970, 2:00:00 AM","Reference":"Example checkin reference","CheckinImageUrl":"http://some_image_url","UserName":"Tom Petty","UserEmail":"demo@example.com","Street":"8444 Campbellton Street","City":"Scranton","State":"GA","PostalCode":"85260","Country":"US","Latitude":33.6430563,"Longitude":-111.8739084}
2020-02-27T21:28:12.400Z | info | The following data was written to the database {"EventID":"28g58e84-aa8b-41ea-g4a8-5801amsa128d","CreatedAt":"6/15/2016, 4:28:15 PM","CheckinId":"a7d5ad2b-q512-4f4b-8zd1-6n14de03q2k2","CheckinDateTime":"6/15/2016, 4:28:15 PM","Reference":"Example checkin reference","CheckinImageUrl":"http://some_image_url","UserName":"Joshua Hooper","UserEmail":"demo@example.com","Street":"16601 N Pima Rd","City":"Eagleton","State":"GA","PostalCode":"85260","Country":"US","Latitude":33.6430563,"Longitude":-111.8739084}
2020-02-27T21:28:12.401Z | info | The following data was written to the database {"EventID":"72j59924-5c6u-26ab-su45-2207eqtd1a5b","CreatedAt":"6/15/2016, 9:29:30 AM","ReviewSummary":"Example Review Summary","ReviewDetail":"Example Review Detail","ReviewRating":5,"RequestDate":"6/15/2016, 9:29:30 AM","ResponseDate":"6/15/2016, 9:29:30 AM","CustomerName":"John Q Sample","CustomerEmail":"john@example.com","CustomerPhone":"5555555555","CheckinId":"a7d5ad8b-d512-4f4b-8dd1-6114de03e212","CheckinDateTime":"1/1/1970, 2:00:00 AM","Reference":"Example checkin reference","CheckinImageUrl":"http://some_image_url","UserName":"Tom Petty","UserEmail":"demo@example.com","Street":"8444 Campbellton Street","City":"Scranton","State":"GA","PostalCode":"85260","Country":"US","Latitude":33.6430563,"Longitude":-111.8739084}
2020-02-27T21:28:12.401Z | info | The following data was written to the database {"EventID":"28g58e84-2c8b-41ea-g4a8-5801amsa128d","CreatedAt":"6/15/2016, 4:28:15 PM","CheckinId":"a7d5ad2b-q512-4f4b-8zd1-6n14de03q2k2","CheckinDateTime":"6/15/2016, 4:28:15 PM","Reference":"Example checkin reference","CheckinImageUrl":"http://some_image_url","UserName":"Joshua Hooper","UserEmail":"demo@example.com","Street":"16601 N Pima Rd","City":"Eagleton","State":"GA","PostalCode":"85260","Country":"US","Latitude":33.6430563,"Longitude":-111.8739084}
2020-02-28T14:49:51.172Z | error | general error sent from app.js - Not Found
2020-02-28T18:48:10.675Z | error | general error sent from app.js - Not Found
2020-02-29T01:33:03.352Z | error | general error sent from app.js - Not Found
2020-02-29T01:33:03.930Z | error | general error sent from app.js - Not Found
2020-02-29T01:33:58.580Z | error | general error sent from app.js - Not Found
2020-02-29T01:33:58.672Z | error | general error sent from app.js - Not Found
2020-02-29T01:57:11.247Z | info | The following data was written to the database {"EventID":"02f55124-0j6b-43aa-a424-5507ehad135e","CreatedAt":"6/15/2016, 4:28:15 PM","CheckinId":"g7d5ad8b-d512-4f4b-8dd1-6114de03e212","CheckinDateTime":"6/15/2016, 4:28:15 PM","Reference":"Example checkin reference","CheckinImageUrl":"http://some_image_url","UserName":"Demo User","UserEmail":"demo@example.com","Street":"8444 Campbellton Street","City":"Eagleton","State":"GA","PostalCode":"85260","Country":"US","Latitude":33.6430563,"Longitude":-111.8739084}
2020-02-29T01:57:11.249Z | info | The following data was written to the database {"EventID":"02f55124-0h6b-43aa-a424-5507ehad135e","CreatedAt":"6/15/2016, 4:28:15 PM","CheckinId":"g7d5ad8b-d512-4f4b-8dd1-6114de03e212","CheckinDateTime":"6/15/2016, 4:28:15 PM","Reference":"Example checkin reference","CheckinImageUrl":"http://some_image_url","UserName":"Demo User","UserEmail":"demo@example.com","Street":"8444 Campbellton Street","City":"Eagleton","State":"GA","PostalCode":"85260","Country":"US","Latitude":33.6430563,"Longitude":-111.8739084}
2020-02-29T01:57:11.251Z | info | The following data was written to the database {"EventID":"02f55124-0c6b-43aa-a424-5507ehad135e","CreatedAt":"6/15/2016, 4:28:15 PM","CheckinId":"g7d5ad8b-d512-4f4b-8dd1-6114de03e212","CheckinDateTime":"6/15/2016, 4:28:15 PM","Reference":"Example checkin reference","CheckinImageUrl":"http://some_image_url","UserName":"Demo User","UserEmail":"demo@example.com","Street":"8444 Campbellton Street","City":"Eagleton","State":"GA","PostalCode":"85260","Country":"US","Latitude":33.6430563,"Longitude":-111.8739084}
2020-02-29T01:57:11.252Z | info | The following data was written to the database {"EventID":"02f55124-0c6b-43aa-a424-5507ebad135e","CreatedAt":"6/15/2016, 4:28:15 PM","CheckinId":"g7d5ad8b-d512-4f4b-8dd1-6114de03e212","CheckinDateTime":"6/15/2016, 4:28:15 PM","Reference":"Example checkin reference","CheckinImageUrl":"http://some_image_url","UserName":"Demo User","UserEmail":"demo@example.com","Street":"8444 Campbellton Street","City":"Swanee","State":"GA","PostalCode":"85260","Country":"US","Latitude":33.6430563,"Longitude":-111.8739084}
2020-02-29T01:57:11.253Z | info | The following data was written to the database {"EventID":"02f55124-0c6b-43aa-a411-5507ebad135e","CreatedAt":"6/15/2016, 4:28:15 PM","CheckinId":"g7d5ad8b-d512-4f4b-8dd1-6114de03e212","CheckinDateTime":"6/15/2016, 4:28:15 PM","Reference":"Example checkin reference","CheckinImageUrl":"http://some_image_url","UserName":"Demo User","UserEmail":"demo@example.com","Street":"8444 Campbellton Street","City":"Swanee","State":"GA","PostalCode":"85260","Country":"US","Latitude":33.6430563,"Longitude":-111.8739084}
2020-02-29T01:59:02.464Z | info | The following data was written to the database {"EventID":"11115124-0j6b-43aa-a424-5507ehad135e","CreatedAt":"6/15/2016, 4:28:15 PM","CheckinId":"g7d5ad8b-d512-4f4b-8dd1-6114de03e212","CheckinDateTime":"6/15/2016, 4:28:15 PM","Reference":"Example checkin reference","CheckinImageUrl":"http://some_image_url","UserName":"Joshua Hooper","UserEmail":"demo@example.com","Street":"8444 Campbellton Street","City":"Eagleton","State":"GA","PostalCode":"85260","Country":"US","Latitude":33.6430563,"Longitude":-111.8739084}
2020-02-29T01:59:02.467Z | info | The following data was written to the database {"EventID":"11125124-0j6b-43aa-a424-5507ehad135e","CreatedAt":"6/15/2016, 4:28:15 PM","CheckinId":"g7d5ad8b-d512-4f4b-8dd1-6114de03e212","CheckinDateTime":"6/15/2016, 4:28:15 PM","Reference":"Example checkin reference","CheckinImageUrl":"http://some_image_url","UserName":"Joshua Hooper","UserEmail":"demo@example.com","Street":"8444 Campbellton Street","City":"Atlanta","State":"GA","PostalCode":"85260","Country":"US","Latitude":33.6430563,"Longitude":-111.8739084}
2020-02-29T01:59:02.468Z | info | The following data was written to the database {"EventID":"11335124-0j6b-43aa-a424-5507ehad135e","CreatedAt":"6/15/2016, 4:28:15 PM","CheckinId":"g7d5ad8b-d512-4f4b-8dd1-6114de03e212","CheckinDateTime":"6/15/2016, 4:28:15 PM","Reference":"Example checkin reference","CheckinImageUrl":"http://some_image_url","UserName":"Brooke Hooper","UserEmail":"demo@example.com","Street":"8444 Campbellton Street","City":"Atlanta","State":"GA","PostalCode":"85260","Country":"US","Latitude":33.6430563,"Longitude":-111.8739084}
2020-02-29T01:59:02.469Z | info | The following data was written to the database {"EventID":"11365124-0j6b-43aa-a424-5507ehad135e","CreatedAt":"6/15/2016, 4:28:15 PM","CheckinId":"g7d5ad8b-d512-4f4b-8dd1-6114de03e212","CheckinDateTime":"6/15/2016, 4:28:15 PM","Reference":"Example checkin reference","CheckinImageUrl":"http://some_image_url","UserName":"Brooke Hooper","UserEmail":"demo@example.com","Street":"8444 Campbellton Street","City":"Atlanta","State":"GA","PostalCode":"85260","Country":"US","Latitude":33.6430563,"Longitude":-111.8739084}
2020-02-29T01:59:02.470Z | info | The following data was written to the database {"EventID":"11345124-0j6b-43aa-a424-5507ehad135e","CreatedAt":"6/15/2016, 4:28:15 PM","CheckinId":"g7d5ad8b-d512-4f4b-8dd1-6114de03e212","CheckinDateTime":"6/15/2016, 4:28:15 PM","Reference":"Example checkin reference","CheckinImageUrl":"http://some_image_url","UserName":"Brooke Hooper","UserEmail":"demo@example.com","Street":"8444 Campbellton Street","City":"Atlanta","State":"GA","PostalCode":"85260","Country":"US","Latitude":33.6430563,"Longitude":-111.8739084}
2020-02-29T02:51:06.639Z | error | general error sent from app.js - Not Found
2020-02-29T02:51:07.165Z | error | general error sent from app.js - Not Found
2020-02-29T03:37:34.990Z | error | general error sent from app.js - Not Found
2020-02-29T03:37:35.242Z | error | general error sent from app.js - Not Found
2020-02-29T03:39:20.378Z | error | general error sent from app.js - Not Found
2020-02-29T03:39:20.560Z | error | general error sent from app.js - Not Found
2020-02-29T03:39:34.055Z | error | general error sent from app.js - Not Found
2020-02-29T03:39:34.229Z | error | general error sent from app.js - Not Found
2020-02-29T03:41:10.924Z | error | general error sent from app.js - Unexpected token o in JSON at position 1
2020-02-29T03:41:28.544Z | error | general error sent from app.js - Unexpected token o in JSON at position 1
2020-02-29T03:44:06.369Z | error | general error sent from app.js - Unexpected token o in JSON at position 1
2020-02-29T03:44:45.295Z | error | general error sent from app.js - Unexpected token o in JSON at position 1
2020-02-29T03:45:38.531Z | error | general error sent from app.js - Unexpected token o in JSON at position 1
2020-02-29T03:45:46.325Z | error | general error sent from app.js - Unexpected token o in JSON at position 1
2020-02-29T03:46:37.209Z | error | general error sent from app.js - Unexpected token o in JSON at position 1
2020-02-29T03:48:00.466Z | error | general error sent from app.js - Unexpected token o in JSON at position 1
2020-02-29T03:49:32.600Z | error | general error sent from app.js - Unexpected token o in JSON at position 1
2020-02-29T03:49:40.638Z | error | general error sent from app.js - Unexpected token o in JSON at position 1
2020-02-29T03:50:19.710Z | error | general error sent from app.js - Unexpected token o in JSON at position 1
2020-02-29T03:51:00.162Z | error | general error sent from app.js - Unexpected token o in JSON at position 1
2020-02-29T03:51:17.869Z | error | general error sent from app.js - Unexpected token o in JSON at position 1
2020-03-03T03:38:29.493Z | error | general error sent from app.js - Not Found
2020-03-03T03:38:30.102Z | error | general error sent from app.js - Not Found
2020-03-03T03:38:44.727Z | error | general error sent from app.js - Unexpected token o in JSON at position 1
2020-03-03T03:47:11.729Z | error | general error sent from app.js - Unexpected token o in JSON at position 1
2020-03-03T03:52:53.397Z | error | general error sent from app.js - Unexpected token o in JSON at position 1
2020-03-03T03:52:57.979Z | error | general error sent from app.js - Unexpected token o in JSON at position 1
2020-03-03T03:53:09.279Z | error | general error sent from app.js - Unexpected token o in JSON at position 1
2020-03-03T03:54:30.148Z | error | general error sent from app.js - Unexpected token o in JSON at position 1
2020-03-03T03:56:15.854Z | error | general error sent from app.js - Unexpected token o in JSON at position 1
2020-03-03T03:59:36.859Z | error | general error sent from app.js - Unexpected token o in JSON at position 1
